<?xml version="1.0" encoding="UTF-8"?>
<!-- Generated by org.testng.reporters.JUnitReportReporter -->
<testsuite hostname="Geet-Laptop" failures="0" tests="1" name="tutorialsninja.register.TC_RF_001" time="5.348" errors="0" timestamp="2024-10-25T01:25:28 IST" skipped="0">
  <testcase classname="tutorialsninja.register.TC_RF_001" name="Verifylogin" time="5.348"/>
</testsuite> <!-- tutorialsninja.register.TC_RF_001 -->
